> Task :compileJava UP-TO-DATE
> Task :processResources UP-TO-DATE
> Task :classes UP-TO-DATE
> Task :resolveMainClassName UP-TO-DATE

> Task :bootRun

  .   ____          _            __ _ _
 /\\ / ___'_ __ _ _(_)_ __  __ _ \ \ \ \
( ( )\___ | '_ | '_| | '_ \/ _` | \ \ \ \
 \\/  ___)| |_)| | | | | || (_| |  ) ) ) )
  '  |____| .__|_| |_|_| |_\__, | / / / /
 =========|_|==============|___/=/_/_/_/

 :: Spring Boot ::                (v4.1.0)

2026-07-18T13:57:56.038+05:30  INFO 42367 --- [           main] c.s.b.SchoolWebsiteBackendApplication    : Starting SchoolWebsiteBackendApplication using Java 17.0.16 with PID 42367 (/Users/amyadav/Documents/SchoolWebsiteProject/school-website-backend/build/classes/java/main started by amyadav in /Users/amyadav/Documents/SchoolWebsiteProject/school-website-backend)
2026-07-18T13:57:56.039+05:30  INFO 42367 --- [           main] c.s.b.SchoolWebsiteBackendApplication    : No active profile set, falling back to 1 default profile: "default"
2026-07-18T13:57:56.268+05:30  INFO 42367 --- [           main] .s.d.r.c.RepositoryConfigurationDelegate : Multiple Spring Data modules found, entering strict repository configuration mode
2026-07-18T13:57:56.269+05:30  INFO 42367 --- [           main] .s.d.r.c.RepositoryConfigurationDelegate : Bootstrapping Spring Data JPA repositories in DEFAULT mode.
2026-07-18T13:57:56.332+05:30  INFO 42367 --- [           main] .s.d.r.c.RepositoryConfigurationDelegate : Finished Spring Data repository scanning in 60 ms. Found 23 JPA repository interfaces.
2026-07-18T13:57:56.347+05:30  INFO 42367 --- [           main] .s.d.r.c.RepositoryConfigurationDelegate : Multiple Spring Data modules found, entering strict repository configuration mode
2026-07-18T13:57:56.348+05:30  INFO 42367 --- [           main] .s.d.r.c.RepositoryConfigurationDelegate : Bootstrapping Spring Data Redis repositories in DEFAULT mode.
2026-07-18T13:57:56.355+05:30  INFO 42367 --- [           main] .RepositoryConfigurationExtensionSupport : Spring Data Redis - Could not safely identify store assignment for repository candidate interface com.schoolwebsite.backend.academics.AcademicCourseRepository; If you want this repository to be a Redis repository, consider annotating your entities with one of these annotations: org.springframework.data.redis.core.RedisHash (preferred), or consider extending one of the following types with your repository: org.springframework.data.keyvalue.repository.KeyValueRepository
2026-07-18T13:57:56.355+05:30  INFO 42367 --- [           main] .RepositoryConfigurationExtensionSupport : Spring Data Redis - Could not safely identify store assignment for repository candidate interface com.schoolwebsite.backend.academics.AcademicProgramRepository; If you want this repository to be a Redis repository, consider annotating your entities with one of these annotations: org.springframework.data.redis.core.RedisHash (preferred), or consider extending one of the following types with your repository: org.springframework.data.keyvalue.repository.KeyValueRepository
2026-07-18T13:57:56.355+05:30  INFO 42367 --- [           main] .RepositoryConfigurationExtensionSupport : Spring Data Redis - Could not safely identify store assignment for repository candidate interface com.schoolwebsite.backend.academics.BoardResultRepository; If you want this repository to be a Redis repository, consider annotating your entities with one of these annotations: org.springframework.data.redis.core.RedisHash (preferred), or consider extending one of the following types with your repository: org.springframework.data.keyvalue.repository.KeyValueRepository
2026-07-18T13:57:56.355+05:30  INFO 42367 --- [           main] .RepositoryConfigurationExtensionSupport : Spring Data Redis - Could not safely identify store assignment for repository candidate interface com.schoolwebsite.backend.academics.EnrichmentActivityRepository; If you want this repository to be a Redis repository, consider annotating your entities with one of these annotations: org.springframework.data.redis.core.RedisHash (preferred), or consider extending one of the following types with your repository: org.springframework.data.keyvalue.repository.KeyValueRepository
2026-07-18T13:57:56.355+05:30  INFO 42367 --- [           main] .RepositoryConfigurationExtensionSupport : Spring Data Redis - Could not safely identify store assignment for repository candidate interface com.schoolwebsite.backend.academics.FacultyMemberRepository; If you want this repository to be a Redis repository, consider annotating your entities with one of these annotations: org.springframework.data.redis.core.RedisHash (preferred), or consider extending one of the following types with your repository: org.springframework.data.keyvalue.repository.KeyValueRepository
2026-07-18T13:57:56.355+05:30  INFO 42367 --- [           main] .RepositoryConfigurationExtensionSupport : Spring Data Redis - Could not safely identify store assignment for repository candidate interface com.schoolwebsite.backend.academics.GalleryItemRepository; If you want this repository to be a Redis repository, consider annotating your entities with one of these annotations: org.springframework.data.redis.core.RedisHash (preferred), or consider extending one of the following types with your repository: org.springframework.data.keyvalue.repository.KeyValueRepository
2026-07-18T13:57:56.355+05:30  INFO 42367 --- [           main] .RepositoryConfigurationExtensionSupport : Spring Data Redis - Could not safely identify store assignment for repository candidate interface com.schoolwebsite.backend.academics.JobApplicationRepository; If you want this repository to be a Redis repository, consider annotating your entities with one of these annotations: org.springframework.data.redis.core.RedisHash (preferred), or consider extending one of the following types with your repository: org.springframework.data.keyvalue.repository.KeyValueRepository
2026-07-18T13:57:56.355+05:30  INFO 42367 --- [           main] .RepositoryConfigurationExtensionSupport : Spring Data Redis - Could not safely identify store assignment for repository candidate interface com.schoolwebsite.backend.academics.JobPostingRepository; If you want this repository to be a Redis repository, consider annotating your entities with one of these annotations: org.springframework.data.redis.core.RedisHash (preferred), or consider extending one of the following types with your repository: org.springframework.data.keyvalue.repository.KeyValueRepository
2026-07-18T13:57:56.355+05:30  INFO 42367 --- [           main] .RepositoryConfigurationExtensionSupport : Spring Data Redis - Could not safely identify store assignment for repository candidate interface com.schoolwebsite.backend.academics.SchoolBranchRepository; If you want this repository to be a Redis repository, consider annotating your entities with one of these annotations: org.springframework.data.redis.core.RedisHash (preferred), or consider extending one of the following types with your repository: org.springframework.data.keyvalue.repository.KeyValueRepository
2026-07-18T13:57:56.355+05:30  INFO 42367 --- [           main] .RepositoryConfigurationExtensionSupport : Spring Data Redis - Could not safely identify store assignment for repository candidate interface com.schoolwebsite.backend.academics.StudentAchieverRepository; If you want this repository to be a Redis repository, consider annotating your entities with one of these annotations: org.springframework.data.redis.core.RedisHash (preferred), or consider extending one of the following types with your repository: org.springframework.data.keyvalue.repository.KeyValueRepository
2026-07-18T13:57:56.355+05:30  INFO 42367 --- [           main] .RepositoryConfigurationExtensionSupport : Spring Data Redis - Could not safely identify store assignment for repository candidate interface com.schoolwebsite.backend.academics.TransferCertificateRepository; If you want this repository to be a Redis repository, consider annotating your entities with one of these annotations: org.springframework.data.redis.core.RedisHash (preferred), or consider extending one of the following types with your repository: org.springframework.data.keyvalue.repository.KeyValueRepository
2026-07-18T13:57:56.355+05:30  INFO 42367 --- [           main] .RepositoryConfigurationExtensionSupport : Spring Data Redis - Could not safely identify store assignment for repository candidate interface com.schoolwebsite.backend.admissions.AdmissionLeadRepository; If you want this repository to be a Redis repository, consider annotating your entities with one of these annotations: org.springframework.data.redis.core.RedisHash (preferred), or consider extending one of the following types with your repository: org.springframework.data.keyvalue.repository.KeyValueRepository
2026-07-18T13:57:56.355+05:30  INFO 42367 --- [           main] .RepositoryConfigurationExtensionSupport : Spring Data Redis - Could not safely identify store assignment for repository candidate interface com.schoolwebsite.backend.auth.AdminUserRepository; If you want this repository to be a Redis repository, consider annotating your entities with one of these annotations: org.springframework.data.redis.core.RedisHash (preferred), or consider extending one of the following types with your repository: org.springframework.data.keyvalue.repository.KeyValueRepository
2026-07-18T13:57:56.355+05:30  INFO 42367 --- [           main] .RepositoryConfigurationExtensionSupport : Spring Data Redis - Could not safely identify store assignment for repository candidate interface com.schoolwebsite.backend.billing.FeeItemRepository; If you want this repository to be a Redis repository, consider annotating your entities with one of these annotations: org.springframework.data.redis.core.RedisHash (preferred), or consider extending one of the following types with your repository: org.springframework.data.keyvalue.repository.KeyValueRepository
2026-07-18T13:57:56.356+05:30  INFO 42367 --- [           main] .RepositoryConfigurationExtensionSupport : Spring Data Redis - Could not safely identify store assignment for repository candidate interface com.schoolwebsite.backend.billing.StudentInvoiceRepository; If you want this repository to be a Redis repository, consider annotating your entities with one of these annotations: org.springframework.data.redis.core.RedisHash (preferred), or consider extending one of the following types with your repository: org.springframework.data.keyvalue.repository.KeyValueRepository
2026-07-18T13:57:56.356+05:30  INFO 42367 --- [           main] .RepositoryConfigurationExtensionSupport : Spring Data Redis - Could not safely identify store assignment for repository candidate interface com.schoolwebsite.backend.grades.StudentGradeRepository; If you want this repository to be a Redis repository, consider annotating your entities with one of these annotations: org.springframework.data.redis.core.RedisHash (preferred), or consider extending one of the following types with your repository: org.springframework.data.keyvalue.repository.KeyValueRepository
2026-07-18T13:57:56.356+05:30  INFO 42367 --- [           main] .RepositoryConfigurationExtensionSupport : Spring Data Redis - Could not safely identify store assignment for repository candidate interface com.schoolwebsite.backend.notifications.SchoolEventRepository; If you want this repository to be a Redis repository, consider annotating your entities with one of these annotations: org.springframework.data.redis.core.RedisHash (preferred), or consider extending one of the following types with your repository: org.springframework.data.keyvalue.repository.KeyValueRepository
2026-07-18T13:57:56.356+05:30  INFO 42367 --- [           main] .RepositoryConfigurationExtensionSupport : Spring Data Redis - Could not safely identify store assignment for repository candidate interface com.schoolwebsite.backend.notifications.SchoolNewsRepository; If you want this repository to be a Redis repository, consider annotating your entities with one of these annotations: org.springframework.data.redis.core.RedisHash (preferred), or consider extending one of the following types with your repository: org.springframework.data.keyvalue.repository.KeyValueRepository
2026-07-18T13:57:56.356+05:30  INFO 42367 --- [           main] .RepositoryConfigurationExtensionSupport : Spring Data Redis - Could not safely identify store assignment for repository candidate interface com.schoolwebsite.backend.pagebuilder.PageRepository; If you want this repository to be a Redis repository, consider annotating your entities with one of these annotations: org.springframework.data.redis.core.RedisHash (preferred), or consider extending one of the following types with your repository: org.springframework.data.keyvalue.repository.KeyValueRepository
2026-07-18T13:57:56.356+05:30  INFO 42367 --- [           main] .RepositoryConfigurationExtensionSupport : Spring Data Redis - Could not safely identify store assignment for repository candidate interface com.schoolwebsite.backend.pagebuilder.PageSectionRepository; If you want this repository to be a Redis repository, consider annotating your entities with one of these annotations: org.springframework.data.redis.core.RedisHash (preferred), or consider extending one of the following types with your repository: org.springframework.data.keyvalue.repository.KeyValueRepository
2026-07-18T13:57:56.356+05:30  INFO 42367 --- [           main] .RepositoryConfigurationExtensionSupport : Spring Data Redis - Could not safely identify store assignment for repository candidate interface com.schoolwebsite.backend.siteconfiguration.SiteConfigRepository; If you want this repository to be a Redis repository, consider annotating your entities with one of these annotations: org.springframework.data.redis.core.RedisHash (preferred), or consider extending one of the following types with your repository: org.springframework.data.keyvalue.repository.KeyValueRepository
2026-07-18T13:57:56.356+05:30  INFO 42367 --- [           main] .RepositoryConfigurationExtensionSupport : Spring Data Redis - Could not safely identify store assignment for repository candidate interface com.schoolwebsite.backend.support.SupportInquiryRepository; If you want this repository to be a Redis repository, consider annotating your entities with one of these annotations: org.springframework.data.redis.core.RedisHash (preferred), or consider extending one of the following types with your repository: org.springframework.data.keyvalue.repository.KeyValueRepository
2026-07-18T13:57:56.356+05:30  INFO 42367 --- [           main] .RepositoryConfigurationExtensionSupport : Spring Data Redis - Could not safely identify store assignment for repository candidate interface com.schoolwebsite.backend.tenantsubscription.TenantRepository; If you want this repository to be a Redis repository, consider annotating your entities with one of these annotations: org.springframework.data.redis.core.RedisHash (preferred), or consider extending one of the following types with your repository: org.springframework.data.keyvalue.repository.KeyValueRepository
2026-07-18T13:57:56.357+05:30  INFO 42367 --- [           main] .s.d.r.c.RepositoryConfigurationDelegate : Finished Spring Data repository scanning in 6 ms. Found 0 Redis repository interfaces.
2026-07-18T13:57:56.523+05:30  INFO 42367 --- [           main] o.s.boot.tomcat.TomcatWebServer          : Tomcat initialized with port 8080 (http)
2026-07-18T13:57:56.528+05:30  INFO 42367 --- [           main] o.apache.catalina.core.StandardService   : Starting service [Tomcat]
2026-07-18T13:57:56.528+05:30  INFO 42367 --- [           main] o.apache.catalina.core.StandardEngine    : Starting Servlet engine: [Apache Tomcat/11.0.22]
2026-07-18T13:57:56.545+05:30  INFO 42367 --- [           main] b.w.c.s.WebApplicationContextInitializer : Root WebApplicationContext: initialization completed in 488 ms
2026-07-18T13:57:56.625+05:30  INFO 42367 --- [           main] com.zaxxer.hikari.HikariDataSource       : HikariPool-1 - Starting...
2026-07-18T13:57:56.670+05:30  INFO 42367 --- [           main] com.zaxxer.hikari.pool.HikariPool        : HikariPool-1 - Added connection conn0: url=jdbc:h2:mem:school_saas_db user=SA
2026-07-18T13:57:56.670+05:30  INFO 42367 --- [           main] com.zaxxer.hikari.HikariDataSource       : HikariPool-1 - Start completed.
2026-07-18T13:57:56.674+05:30  INFO 42367 --- [           main] org.flywaydb.core.FlywayExecutor         : Database: jdbc:h2:mem:school_saas_db (H2 2.4)
2026-07-18T13:57:56.691+05:30  WARN 42367 --- [           main] o.f.c.internal.database.base.Database    : Using H2 2.4.240 which is newer than the version Flyway has been verified with. The latest verified version of H2 is 2.3.232.
2026-07-18T13:57:56.705+05:30  INFO 42367 --- [           main] o.f.c.i.s.JdbcTableSchemaHistory         : Schema history table "PUBLIC"."flyway_schema_history" does not exist yet
2026-07-18T13:57:56.706+05:30  INFO 42367 --- [           main] o.f.core.internal.command.DbValidate     : Successfully validated 18 migrations (execution time 00:00.010s)
2026-07-18T13:57:56.708+05:30  INFO 42367 --- [           main] org.flywaydb.core.Flyway                 : All configured schemas are empty; a baseline marker will not be added to Flyway's schema history table. A baseline or migration script with a lower version than the baseline version may execute if available. Check the Schemas parameter if this is not intended. See https://help.red-gate.com/help/flyway-cli12/help_4.aspx?topic=baseline-on-migrate for more info
2026-07-18T13:57:56.708+05:30  INFO 42367 --- [           main] o.f.c.i.s.JdbcTableSchemaHistory         : Creating Schema History table "PUBLIC"."flyway_schema_history" ...
2026-07-18T13:57:56.719+05:30  INFO 42367 --- [           main] o.f.core.internal.command.DbMigrate      : Current version of schema "PUBLIC": << Empty Schema >>
2026-07-18T13:57:56.722+05:30  INFO 42367 --- [           main] o.f.core.internal.command.DbMigrate      : Migrating schema "PUBLIC" to version "1 - create tenant and site config tables"
2026-07-18T13:57:56.730+05:30  INFO 42367 --- [           main] o.f.core.internal.command.DbMigrate      : Migrating schema "PUBLIC" to version "2 - create cms and page builder tables"
2026-07-18T13:57:56.734+05:30  INFO 42367 --- [           main] o.f.core.internal.command.DbMigrate      : Migrating schema "PUBLIC" to version "3 - create admission leads table"
2026-07-18T13:57:56.737+05:30  INFO 42367 --- [           main] o.f.core.internal.command.DbMigrate      : Migrating schema "PUBLIC" to version "4 - create academic and faculty tables"
2026-07-18T13:57:56.741+05:30  INFO 42367 --- [           main] o.f.core.internal.command.DbMigrate      : Migrating schema "PUBLIC" to version "5 - create billing and invoice tables"
2026-07-18T13:57:56.744+05:30  INFO 42367 --- [           main] o.f.core.internal.command.DbMigrate      : Migrating schema "PUBLIC" to version "6 - create support inquiries table"
2026-07-18T13:57:56.748+05:30  INFO 42367 --- [           main] o.f.core.internal.command.DbMigrate      : Migrating schema "PUBLIC" to version "7 - create events and news tables"
2026-07-18T13:57:56.750+05:30  INFO 42367 --- [           main] o.f.core.internal.command.DbMigrate      : Migrating schema "PUBLIC" to version "8 - create student grades table"
2026-07-18T13:57:56.752+05:30  INFO 42367 --- [           main] o.f.core.internal.command.DbMigrate      : Migrating schema "PUBLIC" to version "9 - create academic programs table"
2026-07-18T13:57:56.755+05:30  INFO 42367 --- [           main] o.f.core.internal.command.DbMigrate      : Migrating schema "PUBLIC" to version "10 - create student achievers table"
2026-07-18T13:57:56.757+05:30  INFO 42367 --- [           main] o.f.core.internal.command.DbMigrate      : Migrating schema "PUBLIC" to version "11 - create gallery items table"
2026-07-18T13:57:56.759+05:30  INFO 42367 --- [           main] o.f.core.internal.command.DbMigrate      : Migrating schema "PUBLIC" to version "12 - create school branches table"
2026-07-18T13:57:56.762+05:30  INFO 42367 --- [           main] o.f.core.internal.command.DbMigrate      : Migrating schema "PUBLIC" to version "13 - create enrichment activities table"
2026-07-18T13:57:56.763+05:30  INFO 42367 --- [           main] o.f.core.internal.command.DbMigrate      : Migrating schema "PUBLIC" to version "14 - create career and application tables"
2026-07-18T13:57:56.766+05:30  INFO 42367 --- [           main] o.f.core.internal.command.DbMigrate      : Migrating schema "PUBLIC" to version "15 - add theme name to site configs"
2026-07-18T13:57:56.771+05:30  INFO 42367 --- [           main] o.f.core.internal.command.DbMigrate      : Migrating schema "PUBLIC" to version "16 - create board results table"
2026-07-18T13:57:56.773+05:30  INFO 42367 --- [           main] o.f.core.internal.command.DbMigrate      : Migrating schema "PUBLIC" to version "17 - create transfer certificates table"
2026-07-18T13:57:56.775+05:30  INFO 42367 --- [           main] o.f.core.internal.command.DbMigrate      : Migrating schema "PUBLIC" to version "18 - create admin users table"
2026-07-18T13:57:56.778+05:30  INFO 42367 --- [           main] o.f.core.internal.command.DbMigrate      : Successfully applied 18 migrations to schema "PUBLIC", now at version v18 (execution time 00:00.016s)
2026-07-18T13:57:56.805+05:30  INFO 42367 --- [           main] org.hibernate.orm.jpa                    : HHH008540: Processing PersistenceUnitInfo [name: default]
2026-07-18T13:57:56.819+05:30  INFO 42367 --- [           main] org.hibernate.orm.core                   : HHH000001: Hibernate ORM core version 7.4.1.Final
2026-07-18T13:57:56.935+05:30  INFO 42367 --- [           main] o.s.o.j.p.SpringPersistenceUnitInfo      : No LoadTimeWeaver setup: ignoring JPA class transformer
2026-07-18T13:57:56.948+05:30  WARN 42367 --- [           main] org.hibernate.orm.deprecation            : HHH90000025: H2Dialect does not need to be specified explicitly using 'hibernate.dialect' (remove the property setting and it will be selected by default)
2026-07-18T13:57:56.952+05:30  INFO 42367 --- [           main] org.hibernate.orm.connections.pooling    : HHH10001005: Database info:
	Database JDBC URL [jdbc:h2:mem:school_saas_db]
	Database driver: H2 JDBC Driver
	Database dialect: H2Dialect
	Database version: 2.4.240
	Default catalog/schema: SCHOOL_SAAS_DB/PUBLIC
	Autocommit mode: undefined/unknown
	Isolation level: READ_COMMITTED [default READ_COMMITTED]
	JDBC fetch size: 100
	Pool: DataSourceConnectionProvider
	Minimum pool size: undefined/unknown
	Maximum pool size: undefined/unknown
2026-07-18T13:57:57.366+05:30  INFO 42367 --- [           main] org.hibernate.orm.core                   : HHH000489: No JTA platform available (set 'hibernate.transaction.jta.platform' to enable JTA platform integration)
2026-07-18T13:57:57.368+05:30  INFO 42367 --- [           main] j.LocalContainerEntityManagerFactoryBean : Initialized JPA EntityManagerFactory for persistence unit 'default'
2026-07-18T13:57:57.391+05:30  INFO 42367 --- [           main] o.s.d.j.r.query.QueryEnhancerFactories   : Hibernate is in classpath; If applicable, HQL parser will be used.
2026-07-18T13:57:57.558+05:30  WARN 42367 --- [           main] JpaBaseConfiguration$JpaWebConfiguration : spring.jpa.open-in-view is enabled by default. Therefore, database queries may be performed during view rendering. Explicitly configure spring.jpa.open-in-view to disable this warning
2026-07-18T13:57:57.585+05:30  WARN 42367 --- [           main] .s.a.UserDetailsServiceAutoConfiguration : 

Using generated security password: 11c60fd5-9162-4fe3-8068-4df872cbca69

This generated password is for development use only. Your security configuration must be updated before running your application in production.

2026-07-18T13:57:57.587+05:30  INFO 42367 --- [           main] r$InitializeUserDetailsManagerConfigurer : Global AuthenticationManager configured with UserDetailsService bean with name inMemoryUserDetailsManager
2026-07-18T13:57:57.623+05:30 DEBUG 42367 --- [           main] o.s.s.web.DefaultSecurityFilterChain     : Will secure any request with filters: DisableEncodeUrlFilter, WebAsyncManagerIntegrationFilter, SecurityContextHolderFilter, HeaderWriterFilter, CorsFilter, LogoutFilter, RequestCacheAwareFilter, SecurityContextHolderAwareRequestFilter, AnonymousAuthenticationFilter, SessionManagementFilter, ExceptionTranslationFilter, AuthorizationFilter
2026-07-18T13:57:57.666+05:30 DEBUG 42367 --- [           main] s.w.s.m.m.a.RequestMappingHandlerMapping : 70 mappings in 'requestMappingHandlerMapping'
2026-07-18T13:57:57.675+05:30 DEBUG 42367 --- [           main] o.s.w.s.handler.SimpleUrlHandlerMapping  : Patterns [/webjars/**, /**] in 'resourceHandlerMapping'
2026-07-18T13:57:57.683+05:30 DEBUG 42367 --- [           main] s.w.s.m.m.a.RequestMappingHandlerAdapter : ControllerAdvice beans: 0 @ModelAttribute, 0 @InitBinder, 2 RequestBodyAdvice, 1 ResponseBodyAdvice
2026-07-18T13:57:57.700+05:30 DEBUG 42367 --- [           main] .m.m.a.ExceptionHandlerExceptionResolver : ControllerAdvice beans: 0 @ExceptionHandler, 1 ResponseBodyAdvice
2026-07-18T13:57:57.733+05:30  WARN 42367 --- [           main] i.n.r.d.DnsServerAddressStreamProviders  : Can not find io.netty.resolver.dns.macos.MacOSDnsServerAddressStreamProvider in the classpath, fallback to system defaults. This may result in incorrect DNS resolutions on MacOS. Check whether you have a dependency on 'io.netty:netty-resolver-dns-native-macos'
2026-07-18T13:57:57.848+05:30  INFO 42367 --- [           main] o.s.boot.tomcat.TomcatWebServer          : Tomcat started on port 8080 (http) with context path '/'
2026-07-18T13:57:57.850+05:30  INFO 42367 --- [           main] c.s.b.SchoolWebsiteBackendApplication    : Started SchoolWebsiteBackendApplication in 1.933 seconds (process running for 2.068)
Hibernate: select au1_0.id,au1_0.password,au1_0.role,au1_0.tenant_id,au1_0.username from admin_users au1_0 where au1_0.username=?
Hibernate: insert into admin_users (password,role,tenant_id,username,id) values (?,?,?,?,default)
🌱 Seeded Default Super Admin: admin / admin123
Hibernate: select t1_0.id from tenants t1_0 where t1_0.subdomain=? fetch first ? rows only
🌱 Seeding gorgeous pre-populated school: SaaS Pioneer Academy...
Hibernate: insert into tenants (created_at,custom_domain,name,status,subdomain,updated_at,id) values (?,?,?,?,?,?,default)
Hibernate: insert into admin_users (password,role,tenant_id,username,id) values (?,?,?,?,default)
🌱 Seeded Tenant Admin for Pioneer School: pioneer_admin / pioneer123
Hibernate: insert into site_configs (accent_color,contact_email,contact_phone,created_at,favicon_url,font_family,logo_url,primary_color,secondary_color,social_links,tenant_id,theme_name,updated_at,id) values (?,?,?,?,?,?,?,?,?,?,?,?,?,default)
Hibernate: insert into pages (created_at,meta_description,meta_title,slug,status,tenant_id,title,updated_at,id) values (?,?,?,?,?,?,?,?,default)
Hibernate: insert into page_sections (config,created_at,page_id,position_order,type,updated_at,id) values (?,?,?,?,?,?,default)
Hibernate: insert into page_sections (config,created_at,page_id,position_order,type,updated_at,id) values (?,?,?,?,?,?,default)
Hibernate: insert into page_sections (config,created_at,page_id,position_order,type,updated_at,id) values (?,?,?,?,?,?,default)
Hibernate: insert into page_sections (config,created_at,page_id,position_order,type,updated_at,id) values (?,?,?,?,?,?,default)
Hibernate: insert into pages (created_at,meta_description,meta_title,slug,status,tenant_id,title,updated_at,id) values (?,?,?,?,?,?,?,?,default)
Hibernate: insert into page_sections (config,created_at,page_id,position_order,type,updated_at,id) values (?,?,?,?,?,?,default)
Hibernate: insert into page_sections (config,created_at,page_id,position_order,type,updated_at,id) values (?,?,?,?,?,?,default)
Hibernate: insert into pages (created_at,meta_description,meta_title,slug,status,tenant_id,title,updated_at,id) values (?,?,?,?,?,?,?,?,default)
Hibernate: insert into pages (created_at,meta_description,meta_title,slug,status,tenant_id,title,updated_at,id) values (?,?,?,?,?,?,?,?,default)
Hibernate: insert into pages (created_at,meta_description,meta_title,slug,status,tenant_id,title,updated_at,id) values (?,?,?,?,?,?,?,?,default)
Hibernate: insert into pages (created_at,meta_description,meta_title,slug,status,tenant_id,title,updated_at,id) values (?,?,?,?,?,?,?,?,default)
Hibernate: insert into pages (created_at,meta_description,meta_title,slug,status,tenant_id,title,updated_at,id) values (?,?,?,?,?,?,?,?,default)
Hibernate: insert into pages (created_at,meta_description,meta_title,slug,status,tenant_id,title,updated_at,id) values (?,?,?,?,?,?,?,?,default)
Hibernate: insert into pages (created_at,meta_description,meta_title,slug,status,tenant_id,title,updated_at,id) values (?,?,?,?,?,?,?,?,default)
Hibernate: insert into pages (created_at,meta_description,meta_title,slug,status,tenant_id,title,updated_at,id) values (?,?,?,?,?,?,?,?,default)
Hibernate: insert into pages (created_at,meta_description,meta_title,slug,status,tenant_id,title,updated_at,id) values (?,?,?,?,?,?,?,?,default)
Hibernate: insert into pages (created_at,meta_description,meta_title,slug,status,tenant_id,title,updated_at,id) values (?,?,?,?,?,?,?,?,default)
Hibernate: insert into academic_courses (created_at,description,grade_level,name,syllabus_summary,tenant_id,updated_at,id) values (?,?,?,?,?,?,?,default)
Hibernate: insert into academic_courses (created_at,description,grade_level,name,syllabus_summary,tenant_id,updated_at,id) values (?,?,?,?,?,?,?,default)
Hibernate: insert into academic_courses (created_at,description,grade_level,name,syllabus_summary,tenant_id,updated_at,id) values (?,?,?,?,?,?,?,default)
Hibernate: insert into faculty_members (bio,created_at,designation,image_url,name,qualification,tenant_id,updated_at,id) values (?,?,?,?,?,?,?,?,default)
Hibernate: insert into faculty_members (bio,created_at,designation,image_url,name,qualification,tenant_id,updated_at,id) values (?,?,?,?,?,?,?,?,default)
Hibernate: insert into academic_programs (created_at,cta_url,description,details,name,tenant_id,type,updated_at,id) values (?,?,?,?,?,?,?,?,default)
Hibernate: insert into academic_programs (created_at,cta_url,description,details,name,tenant_id,type,updated_at,id) values (?,?,?,?,?,?,?,?,default)
Hibernate: insert into academic_programs (created_at,cta_url,description,details,name,tenant_id,type,updated_at,id) values (?,?,?,?,?,?,?,?,default)
Hibernate: insert into academic_programs (created_at,cta_url,description,details,name,tenant_id,type,updated_at,id) values (?,?,?,?,?,?,?,?,default)
Hibernate: insert into student_achievers (course_name,created_at,image_url,name,score,tenant_id,testimonial_text,updated_at,id) values (?,?,?,?,?,?,?,?,default)
Hibernate: insert into student_achievers (course_name,created_at,image_url,name,score,tenant_id,testimonial_text,updated_at,id) values (?,?,?,?,?,?,?,?,default)
Hibernate: insert into student_achievers (course_name,created_at,image_url,name,score,tenant_id,testimonial_text,updated_at,id) values (?,?,?,?,?,?,?,?,default)
Hibernate: insert into gallery_items (category,created_at,media_url,tenant_id,title,type,updated_at,id) values (?,?,?,?,?,?,?,default)
Hibernate: insert into gallery_items (category,created_at,media_url,tenant_id,title,type,updated_at,id) values (?,?,?,?,?,?,?,default)
Hibernate: insert into gallery_items (category,created_at,media_url,tenant_id,title,type,updated_at,id) values (?,?,?,?,?,?,?,default)
Hibernate: insert into gallery_items (category,created_at,media_url,tenant_id,title,type,updated_at,id) values (?,?,?,?,?,?,?,default)
Hibernate: insert into school_branches (address,city,contact_email,created_at,name,phone,state,tenant_id,updated_at,id) values (?,?,?,?,?,?,?,?,?,default)
Hibernate: insert into school_branches (address,city,contact_email,created_at,name,phone,state,tenant_id,updated_at,id) values (?,?,?,?,?,?,?,?,?,default)
Hibernate: insert into school_branches (address,city,contact_email,created_at,name,phone,state,tenant_id,updated_at,id) values (?,?,?,?,?,?,?,?,?,default)
Hibernate: insert into school_branches (address,city,contact_email,created_at,name,phone,state,tenant_id,updated_at,id) values (?,?,?,?,?,?,?,?,?,default)
Hibernate: insert into enrichment_activities (created_at,description,details,image_url,tenant_id,title,type,updated_at,id) values (?,?,?,?,?,?,?,?,default)
Hibernate: insert into enrichment_activities (created_at,description,details,image_url,tenant_id,title,type,updated_at,id) values (?,?,?,?,?,?,?,?,default)
Hibernate: insert into enrichment_activities (created_at,description,details,image_url,tenant_id,title,type,updated_at,id) values (?,?,?,?,?,?,?,?,default)
Hibernate: insert into job_postings (created_at,department,description,experience,qualification,tenant_id,title,updated_at,id) values (?,?,?,?,?,?,?,?,default)
Hibernate: insert into job_postings (created_at,department,description,experience,qualification,tenant_id,title,updated_at,id) values (?,?,?,?,?,?,?,?,default)
Hibernate: insert into job_applications (candidate_email,candidate_name,candidate_phone,created_at,job_id,job_title,status,tenant_id,updated_at,id) values (?,?,?,?,?,?,?,?,?,default)
Hibernate: insert into board_results (assessment_year,class_level,created_at,pass_percentage,passed_students,registered_students,remarks,tenant_id,updated_at,id) values (?,?,?,?,?,?,?,?,?,default)
Hibernate: insert into board_results (assessment_year,class_level,created_at,pass_percentage,passed_students,registered_students,remarks,tenant_id,updated_at,id) values (?,?,?,?,?,?,?,?,?,default)
Hibernate: insert into board_results (assessment_year,class_level,created_at,pass_percentage,passed_students,registered_students,remarks,tenant_id,updated_at,id) values (?,?,?,?,?,?,?,?,?,default)
Hibernate: insert into board_results (assessment_year,class_level,created_at,pass_percentage,passed_students,registered_students,remarks,tenant_id,updated_at,id) values (?,?,?,?,?,?,?,?,?,default)
Hibernate: insert into board_results (assessment_year,class_level,created_at,pass_percentage,passed_students,registered_students,remarks,tenant_id,updated_at,id) values (?,?,?,?,?,?,?,?,?,default)
Hibernate: insert into board_results (assessment_year,class_level,created_at,pass_percentage,passed_students,registered_students,remarks,tenant_id,updated_at,id) values (?,?,?,?,?,?,?,?,?,default)
Hibernate: insert into transfer_certificates (aadhar_no,admission_no,class_level,created_at,father_name,issue_date,pdf_url,section,student_name,tc_number,tenant_id,updated_at,id) values (?,?,?,?,?,?,?,?,?,?,?,?,default)
Hibernate: insert into transfer_certificates (aadhar_no,admission_no,class_level,created_at,father_name,issue_date,pdf_url,section,student_name,tc_number,tenant_id,updated_at,id) values (?,?,?,?,?,?,?,?,?,?,?,?,default)
Hibernate: insert into fee_items (amount,created_at,description,grade_level,name,tenant_id,updated_at,id) values (?,?,?,?,?,?,?,default)
Hibernate: insert into fee_items (amount,created_at,description,grade_level,name,tenant_id,updated_at,id) values (?,?,?,?,?,?,?,default)
Hibernate: insert into student_invoices (amount,created_at,due_date,fee_item_name,grade_level,payment_date,status,student_name,tenant_id,updated_at,id) values (?,?,?,?,?,?,?,?,?,?,default)
Hibernate: insert into student_invoices (amount,created_at,due_date,fee_item_name,grade_level,payment_date,status,student_name,tenant_id,updated_at,id) values (?,?,?,?,?,?,?,?,?,?,default)
Hibernate: insert into admission_leads (created_at,grade_level,message,parent_email,parent_name,parent_phone,status,student_name,tenant_id,updated_at,id) values (?,?,?,?,?,?,?,?,?,?,default)
Hibernate: insert into support_inquiries (created_at,message,resolution_notes,sender_email,sender_name,status,subject,tenant_id,updated_at,id) values (?,?,?,?,?,?,?,?,?,default)
Hibernate: insert into student_grades (created_at,grade,remarks,student_name,subject_name,tenant_id,term,updated_at,id) values (?,?,?,?,?,?,?,?,default)
Hibernate: insert into student_grades (created_at,grade,remarks,student_name,subject_name,tenant_id,term,updated_at,id) values (?,?,?,?,?,?,?,?,default)
Hibernate: insert into school_news (author,content,created_at,published_date,tenant_id,title,updated_at,id) values (?,?,?,?,?,?,?,default)
Hibernate: insert into school_events (created_at,description,event_date,location,tenant_id,title,updated_at,id) values (?,?,?,?,?,?,?,default)
⭐ Pre-populated school 'SaaS Pioneer Academy' successfully seeded!
